<?xml version="1.0" encoding="UTF-8"?>
<!-- Generated by org.testng.reporters.JUnitReportReporter -->
<testsuite hostname="DESKTOP-9TGGESV" failures="0" tests="3" name="com.lbrce.cseb.UserValidationTest" time="0.010" errors="0" timestamp="2023-11-07T11:13:18 IST" skipped="0">
  <testcase classname="com.lbrce.cseb.UserValidationTest" name="testCase2" time="0.000"/>
  <testcase classname="com.lbrce.cseb.UserValidationTest" name="testCase3" time="0.000"/>
  <testcase classname="com.lbrce.cseb.UserValidationTest" name="testCase1" time="0.010"/>
</testsuite> <!-- com.lbrce.cseb.UserValidationTest -->
